2026-02-07 12:13:17,011 - INFO - [1/60] Profiling attention with seq_len=512, d_model=64, n_heads=1, sparsity=50%
2026-02-07 12:13:18,056 - INFO - ------------------------  ------------  ------------  ------------  ------------  ------------  ------------  
                    Name    Self CPU %      Self CPU   CPU total %     CPU total  CPU time avg    # of Calls  
------------------------  ------------  ------------  ------------  ------------  ------------  ------------  
           ProfilerStep*         7.33%       2.291ms       100.00%      31.255ms       1.042ms            30  
       aten::masked_fill         0.38%     118.203us        36.40%      11.378ms     379.260us            30  
      aten::masked_fill_        30.54%       9.545ms        30.54%       9.545ms     318.160us            30  
           aten::softmax         0.17%      52.828us        23.26%       7.271ms     242.359us            30  
          aten::_softmax        23.09%       7.218ms        23.09%       7.218ms     240.598us            30  
            aten::matmul         0.56%     174.335us        20.63%       6.448ms     107.475us            60  
               aten::bmm        18.58%       5.808ms        18.91%       5.912ms      98.527us            60  
               aten::div         7.80%       2.439ms         8.23%       2.571ms      85.715us            30  
             aten::clone         0.16%      51.415us         5.49%       1.715ms      57.160us            30  
             aten::copy_         5.28%       1.650ms         5.28%       1.650ms      27.497us            60  
       aten::bitwise_not         3.65%       1.141ms         3.65%       1.141ms      38.036us            30  
           aten::reshape         0.26%      80.416us         0.60%     187.374us       1.561us           120  
            aten::expand         0.38%     119.205us         0.48%     148.706us       1.239us           120  
                aten::to         0.05%      15.208us         0.42%     132.789us       4.426us            30  
          aten::_to_copy         0.16%      48.624us         0.38%     117.581us       3.919us            30  
------------------------  ------------  ------------  ------------  ------------  ------------  ------------  
Self CPU time total: 31.255ms

2026-02-07 12:13:43,925 - INFO - ----------------------------  ------------  ------------  ------------  ------------  ------------  ------------  
                        Name    Self CPU %      Self CPU   CPU total %     CPU total  CPU time avg    # of Calls  
----------------------------  ------------  ------------  ------------  ------------  ------------  ------------  
               ProfilerStep*        24.54%     112.150ms       100.00%     456.926ms      15.231ms            30  
                aten::matmul         7.83%      35.777ms        41.90%     191.435ms       6.232us         30720  
                   aten::bmm        14.95%      68.290ms        21.62%      98.777ms       3.215us         30720  
          aten::index_select        13.82%      63.140ms        14.58%      66.624ms       2.169us         30720  
                   aten::div         3.53%      16.113ms         7.07%      32.311ms       2.104us         15360  
                aten::select         4.22%      19.299ms         5.93%      27.079ms       0.294us         92160  
               aten::reshape         2.63%      12.028ms         5.83%      26.646ms       0.434us         61440  
                aten::expand         4.39%      20.065ms         5.70%      26.062ms       0.424us         61440  
                  aten::view         4.93%      22.535ms         4.93%      22.535ms       0.293us         76800  
            aten::as_strided         3.96%      18.103ms         3.96%      18.103ms       0.091us        199770  
                    aten::to         0.57%       2.590ms         3.55%      16.198ms       1.055us         15360  
              aten::_to_copy         1.20%       5.483ms         2.98%      13.609ms       0.886us         15360  
                aten::unbind         0.61%       2.793ms         2.76%      12.618ms     420.612us            30  
               aten::softmax         0.64%       2.913ms         2.53%      11.562ms       0.753us         15360  
              PythonSubclass         1.54%       7.059ms         2.22%      10.146ms     169.100us            60  
----------------------------  ------------  ------------  ------------  ------------  ------------  ------------  
Self CPU time total: 456.926ms

2026-02-07 12:13:48,173 - INFO - [2/60] Profiling attention with seq_len=512, d_model=64, n_heads=1, sparsity=70%
2026-02-07 12:13:50,741 - INFO - ------------------------  ------------  ------------  ------------  ------------  ------------  ------------  
                    Name    Self CPU %      Self CPU   CPU total %     CPU total  CPU time avg    # of Calls  
------------------------  ------------  ------------  ------------  ------------  ------------  ------------  
           ProfilerStep*         7.65%     969.607us       100.00%      12.676ms     422.545us            30  
       aten::masked_fill         0.26%      33.079us        36.12%       4.578ms     152.609us            30  
      aten::masked_fill_        31.37%       3.977ms        31.37%       3.977ms     132.562us            30  
            aten::matmul         0.60%      75.829us        24.20%       3.068ms      51.129us            60  
               aten::bmm        22.18%       2.812ms        22.63%       2.869ms      47.811us            60  
           aten::softmax         0.10%      12.455us        20.71%       2.625ms      87.510us            30  
          aten::_softmax        20.61%       2.613ms        20.61%       2.613ms      87.095us            30  
               aten::div         7.60%     963.566us         7.90%       1.002ms      33.388us            30  
             aten::clone         0.13%      16.665us         4.48%     568.319us      18.944us            30  
             aten::copy_         4.31%     546.110us         4.31%     546.110us       9.102us            60  
       aten::bitwise_not         3.00%     380.865us         3.00%     380.865us      12.695us            30  
           aten::reshape         0.21%      26.375us         0.50%      63.373us       0.528us           120  
            aten::select         0.30%      37.963us         0.40%      50.874us       0.283us           180  
            aten::expand         0.31%      39.000us         0.40%      50.416us       0.420us           120  
                aten::to         0.04%       5.418us         0.30%      38.082us       1.269us            30  
------------------------  ------------  ------------  ------------  ------------  ------------  ------------  
Self CPU time total: 12.676ms

2026-02-07 12:14:13,489 - INFO - ----------------------------  ------------  ------------  ------------  ------------  ------------  ------------  
                        Name    Self CPU %      Self CPU   CPU total %     CPU total  CPU time avg    # of Calls  
----------------------------  ------------  ------------  ------------  ------------  ------------  ------------  
               ProfilerStep*        23.50%      95.882ms       100.00%     407.943ms      13.598ms            30  
                aten::matmul         8.34%      34.030ms        45.19%     184.342ms       6.001us         30720  
                   aten::bmm        15.85%      64.646ms        23.39%      95.411ms       3.106us         30720  
          aten::index_select        10.88%      44.391ms        11.71%      47.779ms       1.555us         30720  
                   aten::div         3.79%      15.468ms         7.40%      30.205ms       1.966us         15360  
                aten::select         4.73%      19.307ms         6.69%      27.306ms       0.296us         92160  
               aten::reshape         2.84%      11.565ms         6.30%      25.683ms       0.418us         61440  
                aten::expand         4.80%      19.565ms         6.23%      25.410ms       0.414us         61440  
                  aten::view         5.15%      20.993ms         5.15%      20.993ms       0.273us         76800  
            aten::as_strided         4.44%      18.102ms         4.44%      18.102ms       0.091us        199770  
                    aten::to         0.57%       2.306ms         3.61%      14.737ms       0.959us         15360  
              aten::_to_copy         1.19%       4.870ms         3.05%      12.431ms       0.809us         15360  
                aten::unbind         0.64%       2.604ms         2.79%      11.398ms     379.930us            30  
               aten::softmax         0.67%       2.748ms         2.56%      10.459ms       0.681us         15360  
              PythonSubclass         1.53%       6.241ms         2.21%       9.000ms     149.992us            60  
----------------------------  ------------  ------------  ------------  ------------  ------------  ------------  
Self CPU time total: 407.943ms

2026-02-07 12:14:17,214 - INFO - [3/60] Profiling attention with seq_len=512, d_model=64, n_heads=1, sparsity=90%
2026-02-07 12:14:19,486 - INFO - ------------------------  ------------  ------------  ------------  ------------  ------------  ------------  
                    Name    Self CPU %      Self CPU   CPU total %     CPU total  CPU time avg    # of Calls  
------------------------  ------------  ------------  ------------  ------------  ------------  ------------  
           ProfilerStep*        14.67%       1.721ms       100.00%      11.728ms     390.949us            30  
            aten::matmul         0.60%      70.172us        27.87%       3.268ms      54.471us            60  
               aten::bmm        25.82%       3.029ms        26.31%       3.086ms      51.434us            60  
       aten::masked_fill         0.25%      29.703us        23.22%       2.723ms      90.774us            30  
           aten::softmax         0.09%      10.704us        22.72%       2.664ms      88.811us            30  
          aten::_softmax        22.63%       2.654ms        22.63%       2.654ms      88.454us            30  
      aten::masked_fill_        18.57%       2.178ms        18.57%       2.178ms      72.597us            30  
               aten::div         7.64%     896.518us         7.95%     932.137us      31.071us            30  
             aten::clone         0.14%      15.999us         4.40%     515.608us      17.187us            30  
             aten::copy_         4.22%     494.445us         4.22%     494.445us       8.241us            60  
       aten::bitwise_not         3.15%     368.906us         3.15%     368.906us      12.297us            30  
           aten::reshape         0.21%      24.906us         0.47%      55.528us       0.463us           120  
            aten::select         0.33%      38.585us         0.44%      51.288us       0.285us           180  
            aten::expand         0.31%      36.419us         0.41%      47.835us       0.399us           120  
                aten::to         0.04%       5.085us         0.30%      35.619us       1.187us            30  
------------------------  ------------  ------------  ------------  ------------  ------------  ------------  
Self CPU time total: 11.728ms

2026-02-07 12:14:41,563 - INFO - ----------------------------  ------------  ------------  ------------  ------------  ------------  ------------  
                        Name    Self CPU %      Self CPU   CPU total %     CPU total  CPU time avg    # of Calls  
----------------------------  ------------  ------------  ------------  ------------  ------------  ------------  
               ProfilerStep*        25.13%      77.073ms       100.00%     306.667ms      10.222ms            30  
                aten::matmul         9.06%      27.774ms        45.03%     138.084ms       4.495us         30720  
                   aten::bmm        13.03%      39.963ms        21.25%      65.161ms       2.121us         30720  
          aten::index_select         7.58%      23.252ms         8.49%      26.023ms       0.847us         30720  
                   aten::div         4.02%      12.324ms         7.99%      24.498ms       1.595us         15360  
                aten::select         5.20%      15.943ms         7.29%      22.371ms       0.243us         92160  
               aten::reshape         3.16%       9.694ms         6.94%      21.292ms       0.347us         61440  
                aten::expand         5.16%      15.826ms         6.74%      20.667ms       0.336us         61440  
                  aten::view         5.58%      17.118ms         5.58%      17.118ms       0.223us         76800  
            aten::as_strided         4.85%      14.862ms         4.85%      14.862ms       0.074us        199770  
                    aten::to         0.62%       1.894ms         3.97%      12.174ms       0.793us         15360  
                aten::unbind         0.87%       2.664ms         3.73%      11.424ms     380.787us            30  
              aten::_to_copy         1.34%       4.124ms         3.35%      10.280ms       0.669us         15360  
              PythonSubclass         2.03%       6.234ms         2.93%       8.971ms     149.518us            60  
             aten::transpose         1.79%       5.483ms         2.29%       7.032ms       0.458us         15360  
----------------------------  ------------  ------------  ------------  ------------  ------------  ------------  
Self CPU time total: 306.667ms

2026-02-07 12:14:45,181 - INFO - [4/60] Profiling attention with seq_len=512, d_model=64, n_heads=1, sparsity=95%
2026-02-07 12:14:47,463 - INFO - ------------------------  ------------  ------------  ------------  ------------  ------------  ------------  
                    Name    Self CPU %      Self CPU   CPU total %     CPU total  CPU time avg    # of Calls  
------------------------  ------------  ------------  ------------  ------------  ------------  ------------  
           ProfilerStep*        15.41%       1.787ms       100.00%      11.597ms     386.583us            30  
            aten::matmul         0.59%      68.377us        30.19%       3.502ms      58.358us            60  
               aten::bmm        28.19%       3.270ms        28.65%       3.323ms      55.381us            60  
           aten::softmax         0.09%      10.878us        23.12%       2.681ms      89.373us            30  
          aten::_softmax        23.02%       2.670ms        23.02%       2.670ms      89.010us            30  
       aten::masked_fill         0.26%      30.458us        19.96%       2.315ms      77.157us            30  
      aten::masked_fill_        14.60%       1.693ms        14.60%       1.693ms      56.449us            30  
               aten::div         7.34%     851.214us         7.64%     886.382us      29.546us            30  
             aten::clone         0.14%      16.499us         5.09%     590.793us      19.693us            30  
             aten::copy_         4.89%     567.048us         4.89%     567.048us       9.451us            60  
       aten::bitwise_not         3.25%     376.835us         3.25%     376.835us      12.561us            30  
           aten::reshape         0.22%      25.249us         0.47%      54.746us       0.456us           120  
            aten::select         0.30%      34.254us         0.41%      47.419us       0.263us           180  
            aten::expand         0.31%      35.377us         0.41%      47.041us       0.392us           120  
                aten::to         0.04%       5.000us         0.30%      35.168us       1.172us            30  
------------------------  ------------  ------------  ------------  ------------  ------------  ------------  
Self CPU time total: 11.597ms

2026-02-07 12:15:11,589 - INFO - ----------------------------  ------------  ------------  ------------  ------------  ------------  ------------  
                        Name    Self CPU %      Self CPU   CPU total %     CPU total  CPU time avg    # of Calls  
----------------------------  ------------  ------------  ------------  ------------  ------------  ------------  
               ProfilerStep*        25.76%      75.124ms       100.00%     291.651ms       9.722ms            30  
                aten::matmul         9.29%      27.097ms        45.38%     132.363ms       4.309us         30720  
                   aten::bmm        12.29%      35.858ms        20.92%      61.017ms       1.986us         30720  
                   aten::div         4.01%      11.698ms         8.08%      23.553ms       1.533us         15360  
                aten::select         5.45%      15.889ms         7.65%      22.321ms       0.242us         92160  
               aten::reshape         3.29%       9.597ms         7.14%      20.837ms       0.339us         61440  
          aten::index_select         6.09%      17.749ms         7.04%      20.529ms       0.668us         30720  
                aten::expand         5.29%      15.441ms         6.96%      20.306ms       0.331us         61440  
                  aten::view         5.72%      16.669ms         5.72%      16.669ms       0.217us         76800  
            aten::as_strided         5.10%      14.864ms         5.10%      14.864ms       0.074us        199770  
                    aten::to         0.64%       1.861ms         4.06%      11.855ms       0.772us         15360  
                aten::unbind         0.90%       2.619ms         3.89%      11.345ms     378.171us            30  
              aten::_to_copy         1.34%       3.906ms         3.43%       9.994ms       0.651us         15360  
              PythonSubclass         2.13%       6.214ms         3.06%       8.933ms     148.888us            60  
             aten::transpose         1.85%       5.409ms         2.38%       6.951ms       0.453us         15360  
----------------------------  ------------  ------------  ------------  ------------  ------------  ------------  
Self CPU time total: 291.651ms

2026-02-07 12:15:16,238 - INFO - [5/60] Profiling attention with seq_len=512, d_model=64, n_heads=1, sparsity=99%
2026-02-07 12:15:19,059 - INFO - ------------------------  ------------  ------------  ------------  ------------  ------------  ------------  
                    Name    Self CPU %      Self CPU   CPU total %     CPU total  CPU time avg    # of Calls  
------------------------  ------------  ------------  ------------  ------------  ------------  ------------  
           ProfilerStep*        18.70%       2.368ms       100.00%      12.667ms     422.232us            30  
            aten::matmul         0.54%      68.873us        28.96%       3.668ms      61.137us            60  
               aten::bmm        27.00%       3.421ms        27.50%       3.483ms      58.048us            60  
           aten::softmax         0.08%      10.669us        23.48%       2.974ms      99.138us            30  
          aten::_softmax        23.40%       2.963ms        23.40%       2.963ms      98.782us            30  
       aten::masked_fill         0.24%      30.459us        16.97%       2.150ms      71.662us            30  
      aten::masked_fill_        11.79%       1.494ms        11.79%       1.494ms      49.787us            30  
               aten::div         8.09%       1.024ms         8.36%       1.059ms      35.309us            30  
             aten::clone         0.13%      16.836us         4.94%     625.803us      20.860us            30  
             aten::copy_         4.75%     601.677us         4.75%     601.677us      10.028us            60  
       aten::bitwise_not         3.13%     395.922us         3.13%     395.922us      13.197us            30  
           aten::reshape         0.21%      26.415us         0.46%      58.084us       0.484us           120  
            aten::select         0.33%      41.834us         0.44%      55.499us       0.308us           180  
            aten::expand         0.30%      38.086us         0.39%      49.797us       0.415us           120  
                aten::to         0.04%       5.120us         0.28%      35.121us       1.171us            30  
------------------------  ------------  ------------  ------------  ------------  ------------  ------------  
Self CPU time total: 12.667ms

2026-02-07 12:15:34,672 - INFO - ----------------------------  ------------  ------------  ------------  ------------  ------------  ------------  
                        Name    Self CPU %      Self CPU   CPU total %     CPU total  CPU time avg    # of Calls  
----------------------------  ------------  ------------  ------------  ------------  ------------  ------------  
               ProfilerStep*        30.93%      77.411ms       100.00%     250.263ms       8.342ms            30  
                aten::matmul        11.00%      27.517ms        36.75%      91.964ms       2.994us         30720  
                   aten::div         4.79%      11.994ms         9.48%      23.721ms       1.544us         15360  
               aten::reshape         3.87%       9.681ms         8.60%      21.521ms       0.350us         61440  
                aten::expand         6.27%      15.681ms         8.08%      20.215ms       0.329us         61440  
                   aten::bmm         7.22%      18.062ms         7.73%      19.343ms       0.630us         30720  
                  aten::view         6.86%      17.174ms         6.86%      17.174ms       0.224us         76800  
          aten::index_select         5.55%      13.880ms         6.58%      16.467ms       0.536us         30720  
                aten::unbind         1.10%       2.748ms         4.79%      11.984ms     399.478us            30  
                    aten::to         0.76%       1.891ms         4.69%      11.728ms       0.764us         15360  
              aten::_to_copy         1.51%       3.781ms         3.93%       9.837ms       0.640us         15360  
              PythonSubclass         2.65%       6.635ms         3.79%       9.487ms     158.125us            60  
            aten::as_strided         3.28%       8.205ms         3.28%       8.205ms       0.076us        107610  
             aten::transpose         2.19%       5.482ms         2.79%       6.982ms       0.455us         15360  
                 aten::slice         1.99%       4.988ms         2.50%       6.255ms       0.405us         15450  
----------------------------  ------------  ------------  ------------  ------------  ------------  ------------  
Self CPU time total: 250.263ms

2026-02-07 12:15:37,474 - INFO - [6/60] Profiling attention with seq_len=512, d_model=64, n_heads=4, sparsity=50%
2026-02-07 12:15:39,589 - INFO - ------------------------  ------------  ------------  ------------  ------------  ------------  ------------  
                    Name    Self CPU %      Self CPU   CPU total %     CPU total  CPU time avg    # of Calls  
------------------------  ------------  ------------  ------------  ------------  ------------  ------------  
           ProfilerStep*         8.00%       4.911ms       100.00%      61.410ms       2.047ms            30  
       aten::masked_fill         0.10%      61.045us        44.13%      27.100ms     903.338us            30  
      aten::masked_fill_        38.16%      23.431ms        38.16%      23.431ms     781.037us            30  
            aten::matmul         0.13%      80.212us        22.45%      13.784ms     229.739us            60  
               aten::bmm        21.77%      13.372ms        22.10%      13.570ms     226.171us            60  
           aten::softmax         0.02%      14.750us        18.46%      11.333ms     377.779us            30  
          aten::_softmax        18.43%      11.319ms        18.43%      11.319ms     377.287us            30  
               aten::div         5.94%       3.648ms         6.04%       3.706ms     123.539us            30  
             aten::clone         0.03%      20.121us         5.84%       3.585ms     119.510us            30  
             aten::copy_         5.79%       3.556ms         5.79%       3.556ms      59.266us            60  
       aten::bitwise_not         0.84%     515.369us         0.84%     515.369us      17.179us            30  
            aten::select         0.22%     133.717us         0.30%     183.083us       0.254us           720  
        aten::as_strided         0.13%      80.282us         0.13%      80.282us       0.084us           960  
            aten::expand         0.09%      54.660us         0.12%      75.788us       0.421us           180  
           aten::reshape         0.05%      29.084us         0.12%      71.205us       0.593us           120  
------------------------  ------------  ------------  ------------  ------------  ------------  ------------  
Self CPU time total: 61.410ms

2026-02-07 12:16:39,693 - INFO - ----------------------------  ------------  ------------  ------------  ------------  ------------  ------------  
                        Name    Self CPU %      Self CPU   CPU total %     CPU total  CPU time avg    # of Calls  
----------------------------  ------------  ------------  ------------  ------------  ------------  ------------  
               ProfilerStep*        13.06%     116.743ms       100.00%     893.978ms      29.799ms            30  
                aten::matmul         4.19%      37.490ms        49.48%     442.317ms      14.398us         30720  
                   aten::bmm        25.37%     226.822ms        38.09%     340.479ms      11.083us         30720  
               aten::softmax         0.59%       5.310ms        17.95%     160.466ms      10.447us         15360  
              aten::_softmax        17.36%     155.155ms        17.36%     155.155ms      10.101us         15360  
                aten::select         8.51%      76.070ms        11.67%     104.371ms       0.283us        368640  
          aten::index_select        10.37%      92.673ms        10.75%      96.123ms       3.129us         30720  
            aten::as_strided         4.48%      40.022ms         4.48%      40.022ms       0.084us        476250  
                   aten::div         2.03%      18.168ms         3.97%      35.481ms       2.310us         15360  
               aten::reshape         1.59%      14.198ms         3.41%      30.490ms       0.496us         61440  
                aten::expand         2.52%      22.527ms         3.29%      29.427ms       0.479us         61440  
                  aten::view         2.32%      20.785ms         2.32%      20.785ms       0.338us         61440  
                    aten::to         0.31%       2.750ms         1.94%      17.312ms       1.127us         15360  
              aten::_to_copy         0.65%       5.850ms         1.63%      14.562ms       0.948us         15360  
                aten::unbind         0.30%       2.703ms         1.29%      11.576ms     385.851us            30  
----------------------------  ------------  ------------  ------------  ------------  ------------  ------------  
Self CPU time total: 893.978ms

2026-02-07 12:16:48,133 - INFO - [7/60] Profiling attention with seq_len=512, d_model=64, n_heads=4, sparsity=70%
2026-02-07 12:16:55,291 - INFO - ------------------------  ------------  ------------  ------------  ------------  ------------  ------------  
                    Name    Self CPU %      Self CPU   CPU total %     CPU total  CPU time avg    # of Calls  
------------------------  ------------  ------------  ------------  ------------  ------------  ------------  
           ProfilerStep*        10.28%       5.126ms       100.00%      49.890ms       1.663ms            30  
       aten::masked_fill         0.10%      52.127us        37.78%      18.846ms     628.204us            30  
      aten::masked_fill_        31.02%      15.476ms        31.02%      15.476ms     515.859us            30  
            aten::matmul         0.15%      76.931us        23.96%      11.954ms     199.231us            60  
               aten::bmm        23.15%      11.548ms        23.56%      11.753ms     195.892us            60  
           aten::softmax         0.02%      11.749us        19.84%       9.896ms     329.874us            30  
          aten::_softmax        19.81%       9.884ms        19.81%       9.884ms     329.483us            30  
               aten::div         6.96%       3.470ms         7.03%       3.510ms     116.990us            30  
             aten::clone         0.03%      17.339us         6.61%       3.297ms     109.884us            30  
             aten::copy_         6.56%       3.273ms         6.56%       3.273ms      54.557us            60  
       aten::bitwise_not         1.01%     506.077us         1.01%     506.077us      16.869us            30  
            aten::select         0.28%     140.832us         0.38%     190.329us       0.264us           720  
        aten::as_strided         0.16%      78.957us         0.16%      78.957us       0.082us           960  
            aten::expand         0.10%      51.663us         0.14%      71.707us       0.398us           180  
           aten::reshape         0.05%      23.701us         0.13%      64.408us       0.537us           120  
------------------------  ------------  ------------  ------------  ------------  ------------  ------------  
Self CPU time total: 49.890ms

2026-02-07 12:17:53,557 - INFO - ----------------------------  ------------  ------------  ------------  ------------  ------------  ------------  
                        Name    Self CPU %      Self CPU   CPU total %     CPU total  CPU time avg    # of Calls  
----------------------------  ------------  ------------  ------------  ------------  ------------  ------------  
               ProfilerStep*        14.97%      97.788ms       100.00%     653.222ms      21.774ms            30  
                aten::matmul         4.88%      31.880ms        45.34%     296.152ms       9.640us         30720  
                   aten::bmm        17.46%     114.021ms        32.13%     209.910ms       6.833us         30720  
               aten::softmax         0.67%       4.385ms        20.68%     135.095ms       8.795us         15360  
              aten::_softmax        20.01%     130.710ms        20.01%     130.710ms       8.510us         15360  
                aten::select         9.77%      63.809ms        13.46%      87.913ms       0.238us        368640  
          aten::index_select         9.00%      58.780ms         9.46%      61.816ms       2.012us         30720  
            aten::as_strided         5.22%      34.125ms         5.22%      34.125ms       0.072us        476250  
               aten::reshape         1.83%      11.974ms         3.96%      25.892ms       0.421us         61440  
                   aten::div         1.95%      12.713ms         3.87%      25.275ms       1.646us         15360  
                aten::expand         2.94%      19.186ms         3.83%      25.050ms       0.408us         61440  
                  aten::view         2.67%      17.427ms         2.67%      17.427ms       0.284us         61440  
                    aten::to         0.31%       2.051ms         1.92%      12.562ms       0.818us         15360  
                aten::unbind         0.41%       2.655ms         1.78%      11.645ms     388.158us            30  
              aten::_to_copy         0.64%       4.202ms         1.61%      10.511ms       0.684us         15360  
----------------------------  ------------  ------------  ------------  ------------  ------------  ------------  
Self CPU time total: 653.222ms

2026-02-07 12:18:01,964 - INFO - [8/60] Profiling attention with seq_len=512, d_model=64, n_heads=4, sparsity=90%
2026-02-07 12:18:09,185 - INFO - ------------------------  ------------  ------------  ------------  ------------  ------------  ------------  
                    Name    Self CPU %      Self CPU   CPU total %     CPU total  CPU time avg    # of Calls  
------------------------  ------------  ------------  ------------  ------------  ------------  ------------  
           ProfilerStep*        13.10%       6.096ms       100.00%      46.547ms       1.552ms            30  
            aten::matmul         0.17%      77.708us        33.78%      15.722ms     262.032us            60  
               aten::bmm        32.89%      15.310ms        33.34%      15.521ms     258.676us            60  
       aten::masked_fill         0.12%      53.579us        23.08%      10.745ms     358.154us            30  
           aten::softmax         0.02%      11.623us        21.28%       9.903ms     330.099us            30  
          aten::_softmax        21.25%       9.891ms        21.25%       9.891ms     329.711us            30  
      aten::masked_fill_        15.76%       7.335ms        15.76%       7.335ms     244.505us            30  
               aten::div         7.47%       3.475ms         7.56%       3.519ms     117.284us            30  
             aten::clone         0.04%      16.794us         7.16%       3.335ms     111.157us            30  
             aten::copy_         7.11%       3.312ms         7.11%       3.312ms      55.193us            60  
       aten::bitwise_not         1.10%     509.998us         1.10%     509.998us      17.000us            30  
            aten::select         0.31%     146.226us         0.42%     194.865us       0.271us           720  
        aten::as_strided         0.17%      76.976us         0.17%      76.976us       0.080us           960  
            aten::expand         0.11%      53.209us         0.16%      72.796us       0.404us           180  
           aten::reshape         0.05%      23.667us         0.14%      62.917us       0.524us           120  
------------------------  ------------  ------------  ------------  ------------  ------------  ------------  
Self CPU time total: 46.547ms

2026-02-07 12:19:08,591 - INFO - ----------------------------  ------------  ------------  ------------  ------------  ------------  ------------  
                        Name    Self CPU %      Self CPU   CPU total %     CPU total  CPU time avg    # of Calls  
----------------------------  ------------  ------------  ------------  ------------  ------------  ------------  
               ProfilerStep*        16.09%      98.251ms       100.00%     610.503ms      20.350ms            30  
                aten::matmul         5.21%      31.835ms        46.70%     285.135ms       9.282us         30720  
                   aten::bmm        16.94%     103.448ms        32.53%     198.595ms       6.465us         30720  
               aten::softmax         0.72%       4.421ms        21.74%     132.727ms       8.641us         15360  
              aten::_softmax        21.02%     128.306ms        21.02%     128.306ms       8.353us         15360  
                aten::select        10.43%      63.666ms        14.29%      87.268ms       0.237us        368640  
            aten::as_strided         5.57%      33.992ms         5.57%      33.992ms       0.071us        476250  
          aten::index_select         4.74%      28.926ms         5.25%      32.024ms       1.042us         30720  
               aten::reshape         1.96%      11.964ms         4.26%      26.010ms       0.423us         61440  
                aten::expand         3.16%      19.309ms         4.15%      25.318ms       0.412us         61440  
                   aten::div         2.05%      12.496ms         4.03%      24.633ms       1.604us         15360  
                  aten::view         2.92%      17.800ms         2.92%      17.800ms       0.290us         61440  
                    aten::to         0.32%       1.940ms         1.99%      12.136ms       0.790us         15360  
                aten::unbind         0.43%       2.606ms         1.86%      11.353ms     378.437us            30  
              aten::_to_copy         0.66%       4.058ms         1.67%      10.196ms       0.664us         15360  
----------------------------  ------------  ------------  ------------  ------------  ------------  ------------  
Self CPU time total: 610.503ms

2026-02-07 12:19:17,013 - INFO - [9/60] Profiling attention with seq_len=512, d_model=64, n_heads=4, sparsity=95%
2026-02-07 12:19:24,281 - INFO - ------------------------  ------------  ------------  ------------  ------------  ------------  ------------  
                    Name    Self CPU %      Self CPU   CPU total %     CPU total  CPU time avg    # of Calls  
------------------------  ------------  ------------  ------------  ------------  ------------  ------------  
           ProfilerStep*        18.36%       8.223ms       100.00%      44.789ms       1.493ms            30  
            aten::matmul         0.18%      79.788us        31.93%      14.299ms     238.316us            60  
               aten::bmm        31.01%      13.889ms        31.47%      14.094ms     234.908us            60  
           aten::softmax         0.03%      12.497us        22.27%       9.975ms     332.511us            30  
          aten::_softmax        22.24%       9.963ms        22.24%       9.963ms     332.094us            30  
       aten::masked_fill         0.12%      55.334us        18.90%       8.467ms     282.244us            30  
      aten::masked_fill_        11.88%       5.323ms        11.88%       5.323ms     177.428us            30  
               aten::div         7.22%       3.235ms         7.32%       3.279ms     109.288us            30  
             aten::clone         0.04%      17.878us         6.85%       3.067ms     102.246us            30  
             aten::copy_         6.80%       3.043ms         6.80%       3.043ms      50.724us            60  
       aten::bitwise_not         1.10%     491.787us         1.10%     491.787us      16.393us            30  
            aten::select         0.31%     138.894us         0.42%     189.487us       0.263us           720  
        aten::as_strided         0.18%      80.133us         0.18%      80.133us       0.083us           960  
            aten::expand         0.12%      53.629us         0.16%      73.793us       0.410us           180  
           aten::reshape         0.06%      25.000us         0.14%      63.624us       0.530us           120  
------------------------  ------------  ------------  ------------  ------------  ------------  ------------  
Self CPU time total: 44.789ms

2026-02-07 12:20:21,988 - INFO - ----------------------------  ------------  ------------  ------------  ------------  ------------  ------------  
                        Name    Self CPU %      Self CPU   CPU total %     CPU total  CPU time avg    # of Calls  
----------------------------  ------------  ------------  ------------  ------------  ------------  ------------  
               ProfilerStep*        16.28%      96.889ms       100.00%     595.249ms      19.842ms            30  
                aten::matmul         5.32%      31.678ms        47.10%     280.387ms       9.127us         30720  
                   aten::bmm        16.54%      98.458ms        32.48%     193.338ms       6.294us         30720  
               aten::softmax         0.71%       4.237ms        21.92%     130.453ms       8.493us         15360  
              aten::_softmax        21.20%     126.216ms        21.20%     126.216ms       8.217us         15360  
                aten::select        10.62%      63.198ms        14.61%      86.994ms       0.236us        368640  
            aten::as_strided         5.76%      34.289ms         5.76%      34.289ms       0.072us        476250  
               aten::reshape         2.08%      12.365ms         4.43%      26.351ms       0.429us         61440  
          aten::index_select         3.78%      22.497ms         4.30%      25.612ms       0.834us         30720  
                aten::expand         3.27%      19.474ms         4.30%      25.605ms       0.417us         61440  
                   aten::div         2.06%      12.240ms         4.05%      24.108ms       1.570us         15360  
                  aten::view         2.97%      17.702ms         2.97%      17.702ms       0.288us         61440  
                    aten::to         0.32%       1.881ms         1.99%      11.868ms       0.773us         15360  
                aten::unbind         0.44%       2.644ms         1.93%      11.469ms     382.314us            30  
              aten::_to_copy         0.68%       4.025ms         1.68%       9.986ms       0.650us         15360  
----------------------------  ------------  ------------  ------------  ------------  ------------  ------------  
Self CPU time total: 595.249ms

2026-02-07 12:20:30,559 - INFO - [10/60] Profiling attention with seq_len=512, d_model=64, n_heads=4, sparsity=99%
2026-02-07 12:20:37,793 - INFO - ------------------------  ------------  ------------  ------------  ------------  ------------  ------------  
                    Name    Self CPU %      Self CPU   CPU total %     CPU total  CPU time avg    # of Calls  
------------------------  ------------  ------------  ------------  ------------  ------------  ------------  
           ProfilerStep*        19.04%       8.288ms       100.00%      43.530ms       1.451ms            30  
            aten::matmul         0.18%      79.742us        31.42%      13.678ms     227.964us            60  
               aten::bmm        30.43%      13.244ms        30.90%      13.451ms     224.176us            60  
           aten::softmax         0.03%      12.085us        22.82%       9.933ms     331.111us            30  
          aten::_softmax        22.79%       9.921ms        22.79%       9.921ms     330.708us            30  
       aten::masked_fill         0.12%      50.754us        17.05%       7.424ms     247.459us            30  
      aten::masked_fill_         9.32%       4.055ms         9.32%       4.055ms     135.172us            30  
               aten::div         8.29%       3.609ms         8.39%       3.654ms     121.796us            30  
             aten::clone         0.04%      16.913us         7.57%       3.296ms     109.872us            30  
             aten::copy_         7.52%       3.275ms         7.52%       3.275ms      54.578us            60  
       aten::bitwise_not         1.14%     497.500us         1.14%     497.500us      16.583us            30  
            aten::select         0.32%     140.446us         0.44%     190.692us       0.265us           720  
            aten::expand         0.15%      65.327us         0.20%      86.203us       0.479us           180  
        aten::as_strided         0.19%      81.538us         0.19%      81.538us       0.085us           960  
           aten::reshape         0.06%      25.084us         0.17%      73.295us       0.611us           120  
------------------------  ------------  ------------  ------------  ------------  ------------  ------------  
Self CPU time total: 43.530ms

2026-02-07 12:20:53,319 - INFO - ----------------------------  ------------  ------------  ------------  ------------  ------------  ------------  
                        Name    Self CPU %      Self CPU   CPU total %     CPU total  CPU time avg    # of Calls  
----------------------------  ------------  ------------  ------------  ------------  ------------  ------------  
               ProfilerStep*        23.16%     100.686ms       100.00%     434.717ms      14.491ms            30  
               aten::softmax         1.03%       4.495ms        30.18%     131.200ms       8.542us         15360  
              aten::_softmax        29.15%     126.705ms        29.15%     126.705ms       8.249us         15360  
                aten::matmul         7.76%      33.722ms        26.74%     116.264ms       3.785us         30720  
               aten::reshape         3.06%      13.290ms         6.50%      28.268ms       0.460us         61440  
                   aten::div         3.13%      13.625ms         6.35%      27.623ms       1.798us         15360  
                aten::expand         4.70%      20.427ms         6.09%      26.455ms       0.431us         61440  
                   aten::bmm         5.18%      22.533ms         5.52%      23.990ms       0.781us         30720  
          aten::index_select         4.15%      18.046ms         4.85%      21.082ms       0.686us         30720  
                  aten::view         4.10%      17.811ms         4.10%      17.811ms       0.290us         61440  
                    aten::to         0.53%       2.296ms         3.22%      13.998ms       0.911us         15360  
              aten::_to_copy         1.07%       4.670ms         2.69%      11.702ms       0.762us         15360  
                aten::unbind         0.60%       2.628ms         2.63%      11.417ms     380.552us            30  
            aten::as_strided         2.40%      10.443ms         2.40%      10.443ms       0.097us        107610  
              PythonSubclass         1.44%       6.255ms         2.07%       9.014ms     150.228us            60  
----------------------------  ------------  ------------  ------------  ------------  ------------  ------------  
Self CPU time total: 434.717ms

2026-02-07 12:20:55,983 - INFO - [11/60] Profiling attention with seq_len=512, d_model=64, n_heads=8, sparsity=50%
2026-02-07 12:20:57,657 - INFO - ------------------------  ------------  ------------  ------------  ------------  ------------  ------------  
                    Name    Self CPU %      Self CPU   CPU total %     CPU total  CPU time avg    # of Calls  
------------------------  ------------  ------------  ------------  ------------  ------------  ------------  
           ProfilerStep*        10.45%      13.078ms       100.00%     125.181ms       4.173ms            30  
       aten::masked_fill         0.05%      61.206us        42.34%      53.003ms       1.767ms            30  
      aten::masked_fill_        36.02%      45.093ms        36.02%      45.093ms       1.503ms            30  
            aten::matmul         0.07%      92.425us        24.30%      30.422ms     507.028us            60  
               aten::bmm        23.82%      29.817ms        24.11%      30.187ms     503.118us            60  
           aten::softmax         0.02%      21.584us        15.81%      19.789ms     659.637us            30  
          aten::_softmax        15.79%      19.768ms        15.79%      19.768ms     658.918us            30  
               aten::div         6.53%       8.177ms         6.59%       8.244ms     274.798us            30  
             aten::clone         0.02%      22.244us         6.25%       7.826ms     260.869us            30  
             aten::copy_         6.23%       7.798ms         6.23%       7.798ms     129.973us            60  
       aten::bitwise_not         0.46%     579.913us         0.46%     579.913us      19.330us            30  
            aten::select         0.20%     251.572us         0.27%     341.923us       0.237us          1440  
        aten::as_strided         0.10%     123.480us         0.10%     123.480us       0.074us          1680  
            aten::expand         0.05%      58.246us         0.06%      80.330us       0.446us           180  
           aten::reshape         0.02%      30.203us         0.06%      75.407us       0.628us           120  
------------------------  ------------  ------------  ------------  ------------  ------------  ------------  
Self CPU time total: 125.181ms

